<?xml version="1.0" encoding="UTF-8"?>
<!-- Generated by org.testng.reporters.JUnitReportReporter -->
<testsuite hostname="Sainath" failures="0" tests="1" name="samplejenkinsproject.FacebookPageTest" time="5.059" errors="0" timestamp="2024-11-07T20:24:14 IST" skipped="0">
  <testcase classname="samplejenkinsproject.FacebookPageTest" name="validateTitle" time="5.059"/>
</testsuite> <!-- samplejenkinsproject.FacebookPageTest -->
